{"/Users/mts7/Repositories/lara9vue3ts/job-application-tracker/resources/ts/Pages/Index.vue": {"path":"/Users/mts7/Repositories/lara9vue3ts/job-application-tracker/resources/ts/Pages/Index.vue","all":false,"statementMap":{"0":{"start":{"line":1,"column":0},"end":{"line":1,"column":10}},"1":{"start":{"line":2,"column":0},"end":{"line":2,"column":6}},"2":{"start":{"line":3,"column":0},"end":{"line":3,"column":37}},"3":{"start":{"line":4,"column":0},"end":{"line":4,"column":7}},"4":{"start":{"line":5,"column":0},"end":{"line":5,"column":11}},"5":{"start":{"line":6,"column":0},"end":{"line":6,"column":0}},"6":{"start":{"line":7,"column":0},"end":{"line":7,"column":18}},"7":{"start":{"line":8,"column":0},"end":{"line":8,"column":38}},"8":{"start":{"line":9,"column":0},"end":{"line":9,"column":0}},"9":{"start":{"line":10,"column":0},"end":{"line":10,"column":32}},"10":{"start":{"line":11,"column":0},"end":{"line":11,"column":15}},"11":{"start":{"line":12,"column":0},"end":{"line":12,"column":40}},"12":{"start":{"line":13,"column":0},"end":{"line":13,"column":6}},"13":{"start":{"line":14,"column":0},"end":{"line":14,"column":9}},"14":{"start":{"line":15,"column":0},"end":{"line":15,"column":10}},"15":{"start":{"line":16,"column":0},"end":{"line":16,"column":13}},"16":{"start":{"line":17,"column":0},"end":{"line":17,"column":4}},"17":{"start":{"line":18,"column":0},"end":{"line":18,"column":3}},"18":{"start":{"line":19,"column":0},"end":{"line":19,"column":11}},"19":{"start":{"line":20,"column":0},"end":{"line":20,"column":23}},"20":{"start":{"line":21,"column":0},"end":{"line":21,"column":24}},"21":{"start":{"line":22,"column":0},"end":{"line":22,"column":4}},"22":{"start":{"line":23,"column":0},"end":{"line":23,"column":3}},"23":{"start":{"line":24,"column":0},"end":{"line":24,"column":3}},"24":{"start":{"line":25,"column":0},"end":{"line":25,"column":9}}},"s":{"0":1,"1":1,"2":1,"3":1,"4":1,"5":1,"6":1,"7":1,"8":1,"9":1,"10":1,"11":2,"12":2,"13":1,"14":2,"15":2,"16":2,"17":2,"18":1,"19":1,"20":5,"21":5,"22":1,"23":1,"24":1},"branchMap":{"0":{"type":"branch","line":11,"loc":{"start":{"line":11,"column":11},"end":{"line":13,"column":6}},"locations":[{"start":{"line":11,"column":11},"end":{"line":13,"column":6}}]},"1":{"type":"branch","line":14,"loc":{"start":{"line":14,"column":5},"end":{"line":18,"column":3}},"locations":[{"start":{"line":14,"column":5},"end":{"line":18,"column":3}}]},"2":{"type":"branch","line":20,"loc":{"start":{"line":20,"column":2},"end":{"line":22,"column":4}},"locations":[{"start":{"line":20,"column":2},"end":{"line":22,"column":4}}]}},"b":{"0":[2],"1":[2],"2":[5]},"fnMap":{"0":{"name":"mounted","decl":{"start":{"line":11,"column":11},"end":{"line":13,"column":6}},"loc":{"start":{"line":11,"column":11},"end":{"line":13,"column":6}},"line":11},"1":{"name":"data","decl":{"start":{"line":14,"column":5},"end":{"line":18,"column":3}},"loc":{"start":{"line":14,"column":5},"end":{"line":18,"column":3}},"line":14},"2":{"name":"getString","decl":{"start":{"line":20,"column":2},"end":{"line":22,"column":4}},"loc":{"start":{"line":20,"column":2},"end":{"line":22,"column":4}},"line":20}},"f":{"0":2,"1":2,"2":5}}
}
